<?xml version="1.0" encoding="UTF-8"?><testsuite errors="0" failures="0" name="com.restful.booker.restfulbookerinfo.BookingCRUDTest" skipped="0" tests="5" time="10.58" timestamp="2023-06-07T00:19:29.722+01:00[Europe/London]"><testcase classname="com.restful.booker.restfulbookerinfo.BookingCRUDTest" name="This will create a new token"/><testcase classname="com.restful.booker.restfulbookerinfo.BookingCRUDTest" name="This will create a new booking"/><testcase classname="com.restful.booker.restfulbookerinfo.BookingCRUDTest" name="Verify if the booking was added to the application"/><testcase classname="com.restful.booker.restfulbookerinfo.BookingCRUDTest" name="Update the booking information and verify the updated information"/><testcase classname="com.restful.booker.restfulbookerinfo.BookingCRUDTest" name="Delete the booking and verify if the booking is deleted"/></testsuite>